Vivado Simulator v2022.2
Copyright 1986-1999, 2001-2022 Xilinx, Inc. All Rights Reserved.
Running: /tools/Xilinx/Vivado/2022.2/bin/unwrapped/lnx64.o/xelab --incr --debug typical --relax --mt 8 -L xil_defaultlib -L secureip --snapshot MIPS_32b_CPU_tb_behav xil_defaultlib.MIPS_32b_CPU_tb -log elaborate.log 
Using 8 slave threads.
Starting static elaboration
WARNING: [VRFC 10-8856] comparison between unequal length arrays always returns FALSE; left argument length 5 is different from right argument length 8 for 'std_logic_vector_93' array [/home/benisneb/Documents/SchoolWork/Engineering/ECE_524L_FPGA_ASIC/MIPS_Single_Cycle_CPU_Local/MIPS_Single_Cycle_CPU_Local.srcs/sources_1/new/Registers.vhd:49]
Completed static elaboration
Starting simulation data flow analysis
Completed simulation data flow analysis
Time Resolution for simulation is 1ps
Compiling package std.standard
Compiling package std.textio
Compiling package ieee.std_logic_1164
Compiling package xil_defaultlib.componentpkg
Compiling package ieee.numeric_std
Compiling architecture behavior of entity xil_defaultlib.ALUcontrol [alucontrol_default]
Compiling architecture structure of entity xil_defaultlib.ALU [alu_default]
Compiling architecture behavioral of entity xil_defaultlib.SignExtend [signextend_default]
Compiling architecture behavioral of entity xil_defaultlib.ShiftRegister [shiftregister_default]
Compiling architecture behavioral of entity xil_defaultlib.Registers [registers_default]
Compiling architecture behavioral of entity xil_defaultlib.InstructionMemory [instructionmemory_default]
Compiling architecture behavioral of entity xil_defaultlib.DataMemory [datamemory_default]
Compiling architecture behavioral of entity xil_defaultlib.Adder [adder_default]
Compiling architecture behavioral of entity xil_defaultlib.Datapath [datapath_default]
Compiling architecture behavior of entity xil_defaultlib.control [control_default]
Compiling architecture behavioral of entity xil_defaultlib.MIPS_32b_CPU [mips_32b_cpu_default]
Compiling architecture behavioral of entity xil_defaultlib.mips_32b_cpu_tb
Built simulation snapshot MIPS_32b_CPU_tb_behav
